2020-12-27 20:12:631 INFO       HomePage :26 - This will mouse hover on Buy + Sell Link [[ChromeDriver: chrome on WINDOWS (32e8fbfcf0cc82a582b383570a1cfb63)] -> xpath: //li[@class='uhf-menu-item uhf-dropdown-menu-toggle uhf-menu-buysell']]
2020-12-27 20:12:704 INFO       HomePage :26 - This will mouse hover on Buy + Sell Link [[ChromeDriver: chrome on WINDOWS (ad35b6635e7ec4ee15ab68b4f9a07a22)] -> xpath: //li[@class='uhf-menu-item uhf-dropdown-menu-toggle uhf-menu-buysell']]
2020-12-27 20:12:230 INFO       HomePage :26 - This will mouse hover on Buy + Sell Link [[ChromeDriver: chrome on WINDOWS (c4bdada438bfc7c556f626753badde41)] -> xpath: //li[@class='uhf-menu-item uhf-dropdown-menu-toggle uhf-menu-buysell']]
2020-12-27 20:12:724 INFO       HomePage :34 - This will click on Search Cars Link [[ChromeDriver: chrome on WINDOWS (c4bdada438bfc7c556f626753badde41)] -> xpath: //a[contains(text(),'Search Cars')]]
2020-12-27 20:12:161 INFO       NewAndUsedCarSearchPage :45 - Clicks on Any Make Field [[ChromeDriver: chrome on WINDOWS (c4bdada438bfc7c556f626753badde41)] -> xpath: //select[@id='makes']]
2020-12-27 20:12:571 INFO       NewAndUsedCarSearchPage :52 - This method selects Model [[ChromeDriver: chrome on WINDOWS (c4bdada438bfc7c556f626753badde41)] -> xpath: //select[@id='models']]
2020-12-27 20:12:715 INFO       NewAndUsedCarSearchPage :59 - This method selects Location [[ChromeDriver: chrome on WINDOWS (c4bdada438bfc7c556f626753badde41)] -> xpath: //select[@id='locations']]
2020-12-27 20:12:861 INFO       NewAndUsedCarSearchPage :66 - This method selects price [[ChromeDriver: chrome on WINDOWS (c4bdada438bfc7c556f626753badde41)] -> xpath: //select[@id='priceTo']]
2020-12-27 20:12:01 INFO       NewAndUsedCarSearchPage :73 - This clicks on Find My Next Car Button [[ChromeDriver: chrome on WINDOWS (c4bdada438bfc7c556f626753badde41)] -> xpath: //input[@id='search-submit']]
2020-12-27 20:12:271 INFO       NewAndUsedCarSearchPage :19 - Verify user can navigate to BMW Series 1 page [[ChromeDriver: chrome on WINDOWS (c4bdada438bfc7c556f626753badde41)] -> xpath: //h1[contains(text(),'21 BMW 1 Series for Sale under $30,000 in Sydney, NSW')]]
2020-12-27 20:12:904 INFO       NewAndUsedCarSearchPage :27 - Bmw 1 Series Under 30000 for Sale Sydney NSW | carsguide
2020-12-27 20:12:391 INFO       HomePage :26 - This will mouse hover on Buy + Sell Link [[ChromeDriver: chrome on WINDOWS (7ea5157bae06ccc504ce77453e8819cb)] -> xpath: //li[@class='uhf-menu-item uhf-dropdown-menu-toggle uhf-menu-buysell']]
2020-12-27 20:12:746 INFO       HomePage :41 - This will click on Search Cars Link [[ChromeDriver: chrome on WINDOWS (7ea5157bae06ccc504ce77453e8819cb)] -> xpath: //header/div[@id='u_H']/div[1]/div[1]/ul[1]/li[1]/div[1]/div[1]/div[1]/ul[1]/li[2]/a[1]]
2020-12-27 20:12:624 INFO       NewAndUsedCarSearchPage :45 - Clicks on Any Make Field [[ChromeDriver: chrome on WINDOWS (7ea5157bae06ccc504ce77453e8819cb)] -> xpath: //select[@id='makes']]
2020-12-27 20:12:595 INFO       HomePage :26 - This will mouse hover on Buy + Sell Link [[ChromeDriver: chrome on WINDOWS (077d9edb88a6e4c80a21b3d5d00cfb43)] -> xpath: //li[@class='uhf-menu-item uhf-dropdown-menu-toggle uhf-menu-buysell']]
2020-12-27 20:12:850 INFO       HomePage :34 - This will click on Search Cars Link [[ChromeDriver: chrome on WINDOWS (077d9edb88a6e4c80a21b3d5d00cfb43)] -> xpath: //a[contains(text(),'Search Cars')]]
2020-12-27 20:12:903 INFO       NewAndUsedCarSearchPage :45 - Clicks on Any Make Field [[ChromeDriver: chrome on WINDOWS (077d9edb88a6e4c80a21b3d5d00cfb43)] -> xpath: //select[@id='makes']]
2020-12-27 20:12:105 INFO       NewAndUsedCarSearchPage :52 - This method selects Model [[ChromeDriver: chrome on WINDOWS (077d9edb88a6e4c80a21b3d5d00cfb43)] -> xpath: //select[@id='models']]
2020-12-27 20:12:260 INFO       NewAndUsedCarSearchPage :59 - This method selects Location [[ChromeDriver: chrome on WINDOWS (077d9edb88a6e4c80a21b3d5d00cfb43)] -> xpath: //select[@id='locations']]
2020-12-27 20:12:391 INFO       NewAndUsedCarSearchPage :66 - This method selects price [[ChromeDriver: chrome on WINDOWS (077d9edb88a6e4c80a21b3d5d00cfb43)] -> xpath: //select[@id='priceTo']]
2020-12-27 20:12:661 INFO       NewAndUsedCarSearchPage :73 - This clicks on Find My Next Car Button [[ChromeDriver: chrome on WINDOWS (077d9edb88a6e4c80a21b3d5d00cfb43)] -> xpath: //input[@id='search-submit']]
2020-12-27 20:12:861 INFO       NewAndUsedCarSearchPage :19 - Verify user can navigate to BMW Series 1 page [[ChromeDriver: chrome on WINDOWS (077d9edb88a6e4c80a21b3d5d00cfb43)] -> xpath: //h1[contains(text(),'21 BMW 1 Series for Sale under $30,000 in Sydney, NSW')]]
2020-12-27 20:12:952 INFO       NewAndUsedCarSearchPage :27 - Bmw 1 Series Under 30000 for Sale Sydney NSW | carsguide
2020-12-27 20:12:390 INFO       HomePage :26 - This will mouse hover on Buy + Sell Link [[ChromeDriver: chrome on WINDOWS (030facf1a89ffe1f4d18d1393abcca4a)] -> xpath: //li[@class='uhf-menu-item uhf-dropdown-menu-toggle uhf-menu-buysell']]
2020-12-27 20:12:802 INFO       HomePage :41 - This will click on Search Cars Link [[ChromeDriver: chrome on WINDOWS (030facf1a89ffe1f4d18d1393abcca4a)] -> xpath: //header/div[@id='u_H']/div[1]/div[1]/ul[1]/li[1]/div[1]/div[1]/div[1]/ul[1]/li[2]/a[1]]
2020-12-27 20:12:737 INFO       NewAndUsedCarSearchPage :45 - Clicks on Any Make Field [[ChromeDriver: chrome on WINDOWS (030facf1a89ffe1f4d18d1393abcca4a)] -> xpath: //select[@id='makes']]
2020-12-27 20:12:256 INFO       NewAndUsedCarSearchPage :52 - This method selects Model [[ChromeDriver: chrome on WINDOWS (030facf1a89ffe1f4d18d1393abcca4a)] -> xpath: //select[@id='models']]
2020-12-27 20:12:414 INFO       NewAndUsedCarSearchPage :59 - This method selects Location [[ChromeDriver: chrome on WINDOWS (030facf1a89ffe1f4d18d1393abcca4a)] -> xpath: //select[@id='locations']]
2020-12-27 20:12:554 INFO       NewAndUsedCarSearchPage :66 - This method selects price [[ChromeDriver: chrome on WINDOWS (030facf1a89ffe1f4d18d1393abcca4a)] -> xpath: //select[@id='priceTo']]
2020-12-27 20:12:687 INFO       NewAndUsedCarSearchPage :73 - This clicks on Find My Next Car Button [[ChromeDriver: chrome on WINDOWS (030facf1a89ffe1f4d18d1393abcca4a)] -> xpath: //input[@id='search-submit']]
2020-12-27 20:12:22 INFO       AudiA4Page :20 - Verify user navigate to Audi A4 Page [[ChromeDriver: chrome on WINDOWS (030facf1a89ffe1f4d18d1393abcca4a)] -> xpath: //h1[contains(text(),'10 Used Audi A4s for Sale under $20,000 in SA')]]
2020-12-27 20:12:865 INFO       HomePage :26 - This will mouse hover on Buy + Sell Link [[ChromeDriver: chrome on WINDOWS (b649816243ef028bbbb5e3b16c47039a)] -> xpath: //li[@class='uhf-menu-item uhf-dropdown-menu-toggle uhf-menu-buysell']]
2020-12-27 20:12:284 INFO       HomePage :34 - This will click on Search Cars Link [[ChromeDriver: chrome on WINDOWS (b649816243ef028bbbb5e3b16c47039a)] -> xpath: //a[contains(text(),'Search Cars')]]
2020-12-27 20:12:267 INFO       NewAndUsedCarSearchPage :45 - Clicks on Any Make Field [[ChromeDriver: chrome on WINDOWS (b649816243ef028bbbb5e3b16c47039a)] -> xpath: //select[@id='makes']]
2020-12-27 20:12:534 INFO       NewAndUsedCarSearchPage :52 - This method selects Model [[ChromeDriver: chrome on WINDOWS (b649816243ef028bbbb5e3b16c47039a)] -> xpath: //select[@id='models']]
2020-12-27 20:12:830 INFO       NewAndUsedCarSearchPage :59 - This method selects Location [[ChromeDriver: chrome on WINDOWS (b649816243ef028bbbb5e3b16c47039a)] -> xpath: //select[@id='locations']]
2020-12-27 20:12:992 INFO       NewAndUsedCarSearchPage :66 - This method selects price [[ChromeDriver: chrome on WINDOWS (b649816243ef028bbbb5e3b16c47039a)] -> xpath: //select[@id='priceTo']]
2020-12-27 20:12:135 INFO       NewAndUsedCarSearchPage :73 - This clicks on Find My Next Car Button [[ChromeDriver: chrome on WINDOWS (b649816243ef028bbbb5e3b16c47039a)] -> xpath: //input[@id='search-submit']]
2020-12-27 20:12:157 INFO       NewAndUsedCarSearchPage :19 - Verify user can navigate to BMW Series 1 page [[ChromeDriver: chrome on WINDOWS (b649816243ef028bbbb5e3b16c47039a)] -> xpath: //h1[contains(text(),'21 BMW 1 Series for Sale under $30,000 in Sydney, NSW')]]
2020-12-27 20:12:235 INFO       NewAndUsedCarSearchPage :27 - Bmw 1 Series Under 30000 for Sale Sydney NSW | carsguide
2020-12-28 21:12:667 INFO       HomePage :26 - This will mouse hover on Buy + Sell Link [[ChromeDriver: chrome on WINDOWS (09f676b7459cbeb8544a1d7926298071)] -> xpath: //li[@class='uhf-menu-item uhf-dropdown-menu-toggle uhf-menu-buysell']]
2020-12-28 21:12:77 INFO       HomePage :41 - This will click on Search Cars Link [[ChromeDriver: chrome on WINDOWS (09f676b7459cbeb8544a1d7926298071)] -> xpath: //header/div[@id='u_H']/div[1]/div[1]/ul[1]/li[1]/div[1]/div[1]/div[1]/ul[1]/li[2]/a[1]]
2020-12-28 21:12:73 INFO       NewAndUsedCarSearchPage :45 - Clicks on Any Make Field [[ChromeDriver: chrome on WINDOWS (09f676b7459cbeb8544a1d7926298071)] -> xpath: //select[@id='makes']]
2020-12-28 21:12:231 INFO       NewAndUsedCarSearchPage :52 - This method selects Model [[ChromeDriver: chrome on WINDOWS (09f676b7459cbeb8544a1d7926298071)] -> xpath: //select[@id='models']]
2020-12-28 21:12:467 INFO       NewAndUsedCarSearchPage :59 - This method selects Location [[ChromeDriver: chrome on WINDOWS (09f676b7459cbeb8544a1d7926298071)] -> xpath: //select[@id='locations']]
2020-12-28 21:12:620 INFO       NewAndUsedCarSearchPage :66 - This method selects price [[ChromeDriver: chrome on WINDOWS (09f676b7459cbeb8544a1d7926298071)] -> xpath: //select[@id='priceTo']]
2020-12-28 21:12:761 INFO       NewAndUsedCarSearchPage :73 - This clicks on Find My Next Car Button [[ChromeDriver: chrome on WINDOWS (09f676b7459cbeb8544a1d7926298071)] -> xpath: //input[@id='search-submit']]
2020-12-28 21:12:303 INFO       AudiA4Page :20 - Verify user navigate to Audi A4 Page [[ChromeDriver: chrome on WINDOWS (09f676b7459cbeb8544a1d7926298071)] -> xpath: //h1[contains(text(),'10 Used Audi A4s for Sale under $20,000 in SA')]]
2020-12-28 21:12:529 INFO       HomePage :26 - This will mouse hover on Buy + Sell Link [[ChromeDriver: chrome on WINDOWS (c48d093c575960627252043f7fb98fd2)] -> xpath: //li[@class='uhf-menu-item uhf-dropdown-menu-toggle uhf-menu-buysell']]
2020-12-28 21:12:316 INFO       HomePage :34 - This will click on Search Cars Link [[ChromeDriver: chrome on WINDOWS (c48d093c575960627252043f7fb98fd2)] -> xpath: //a[contains(text(),'Search Cars')]]
2020-12-28 21:12:845 INFO       NewAndUsedCarSearchPage :45 - Clicks on Any Make Field [[ChromeDriver: chrome on WINDOWS (c48d093c575960627252043f7fb98fd2)] -> xpath: //select[@id='makes']]
2020-12-28 21:12:47 INFO       NewAndUsedCarSearchPage :52 - This method selects Model [[ChromeDriver: chrome on WINDOWS (c48d093c575960627252043f7fb98fd2)] -> xpath: //select[@id='models']]
2020-12-28 21:12:329 INFO       NewAndUsedCarSearchPage :59 - This method selects Location [[ChromeDriver: chrome on WINDOWS (c48d093c575960627252043f7fb98fd2)] -> xpath: //select[@id='locations']]
2020-12-28 21:12:612 INFO       NewAndUsedCarSearchPage :66 - This method selects price [[ChromeDriver: chrome on WINDOWS (c48d093c575960627252043f7fb98fd2)] -> xpath: //select[@id='priceTo']]
2020-12-28 21:12:756 INFO       NewAndUsedCarSearchPage :73 - This clicks on Find My Next Car Button [[ChromeDriver: chrome on WINDOWS (c48d093c575960627252043f7fb98fd2)] -> xpath: //input[@id='search-submit']]
2020-12-28 21:12:894 INFO       NewAndUsedCarSearchPage :19 - Verify user can navigate to BMW Series 1 page Proxy element for: DefaultElementLocator 'By.xpath: //h1[contains(text(),'21 BMW 1 Series for Sale under $30,000 in Sydney, NSW')]'
2020-12-28 21:12:661 INFO       HomePage :26 - This will mouse hover on Buy + Sell Link [[ChromeDriver: chrome on WINDOWS (1b5d87314b8f523a1cf1c7143fdfcb3c)] -> xpath: //li[@class='uhf-menu-item uhf-dropdown-menu-toggle uhf-menu-buysell']]
2020-12-28 21:12:874 INFO       HomePage :41 - This will click on Search Cars Link [[ChromeDriver: chrome on WINDOWS (1b5d87314b8f523a1cf1c7143fdfcb3c)] -> xpath: //header/div[@id='u_H']/div[1]/div[1]/ul[1]/li[1]/div[1]/div[1]/div[1]/ul[1]/li[2]/a[1]]
2020-12-28 21:12:321 INFO       NewAndUsedCarSearchPage :45 - Clicks on Any Make Field [[ChromeDriver: chrome on WINDOWS (1b5d87314b8f523a1cf1c7143fdfcb3c)] -> xpath: //select[@id='makes']]
2020-12-28 21:12:856 INFO       NewAndUsedCarSearchPage :52 - This method selects Model [[ChromeDriver: chrome on WINDOWS (1b5d87314b8f523a1cf1c7143fdfcb3c)] -> xpath: //select[@id='models']]
2020-12-28 21:12:15 INFO       NewAndUsedCarSearchPage :59 - This method selects Location [[ChromeDriver: chrome on WINDOWS (1b5d87314b8f523a1cf1c7143fdfcb3c)] -> xpath: //select[@id='locations']]
2020-12-28 21:12:218 INFO       NewAndUsedCarSearchPage :66 - This method selects price [[ChromeDriver: chrome on WINDOWS (1b5d87314b8f523a1cf1c7143fdfcb3c)] -> xpath: //select[@id='priceTo']]
2020-12-28 21:12:385 INFO       NewAndUsedCarSearchPage :73 - This clicks on Find My Next Car Button [[ChromeDriver: chrome on WINDOWS (1b5d87314b8f523a1cf1c7143fdfcb3c)] -> xpath: //input[@id='search-submit']]
2020-12-28 21:12:756 INFO       AudiA4Page :20 - Verify user navigate to Audi A4 Page [[ChromeDriver: chrome on WINDOWS (1b5d87314b8f523a1cf1c7143fdfcb3c)] -> xpath: //h1[contains(text(),'10 Used Audi A4s for Sale under $20,000 in SA')]]
2020-12-28 21:12:127 INFO       HomePage :26 - This will mouse hover on Buy + Sell Link [[ChromeDriver: chrome on WINDOWS (8c6c674c86fe0e5c5eac0550e16bf677)] -> xpath: //li[@class='uhf-menu-item uhf-dropdown-menu-toggle uhf-menu-buysell']]
2020-12-28 21:12:451 INFO       HomePage :34 - This will click on Search Cars Link [[ChromeDriver: chrome on WINDOWS (8c6c674c86fe0e5c5eac0550e16bf677)] -> xpath: //a[contains(text(),'Search Cars')]]
2020-12-28 21:12:550 INFO       NewAndUsedCarSearchPage :45 - Clicks on Any Make Field [[ChromeDriver: chrome on WINDOWS (8c6c674c86fe0e5c5eac0550e16bf677)] -> xpath: //select[@id='makes']]
2020-12-28 21:12:977 INFO       NewAndUsedCarSearchPage :52 - This method selects Model [[ChromeDriver: chrome on WINDOWS (8c6c674c86fe0e5c5eac0550e16bf677)] -> xpath: //select[@id='models']]
2020-12-28 21:12:153 INFO       NewAndUsedCarSearchPage :59 - This method selects Location [[ChromeDriver: chrome on WINDOWS (8c6c674c86fe0e5c5eac0550e16bf677)] -> xpath: //select[@id='locations']]
2020-12-28 21:12:316 INFO       NewAndUsedCarSearchPage :66 - This method selects price [[ChromeDriver: chrome on WINDOWS (8c6c674c86fe0e5c5eac0550e16bf677)] -> xpath: //select[@id='priceTo']]
2020-12-28 21:12:684 INFO       NewAndUsedCarSearchPage :73 - This clicks on Find My Next Car Button [[ChromeDriver: chrome on WINDOWS (8c6c674c86fe0e5c5eac0550e16bf677)] -> xpath: //input[@id='search-submit']]
2020-12-28 21:12:817 INFO       NewAndUsedCarSearchPage :19 - Verify user can navigate to BMW Series 1 page Proxy element for: DefaultElementLocator 'By.xpath: //h1[contains(text(),'21 BMW 1 Series for Sale under $30,000 in Sydney, NSW')]'
2020-12-28 21:12:80 INFO       HomePage :26 - This will mouse hover on Buy + Sell Link [[ChromeDriver: chrome on WINDOWS (7581f2cb9e8dbab4499ed858fdd958b9)] -> xpath: //li[@class='uhf-menu-item uhf-dropdown-menu-toggle uhf-menu-buysell']]
2020-12-28 21:12:277 INFO       HomePage :41 - This will click on Search Cars Link [[ChromeDriver: chrome on WINDOWS (7581f2cb9e8dbab4499ed858fdd958b9)] -> xpath: //header/div[@id='u_H']/div[1]/div[1]/ul[1]/li[1]/div[1]/div[1]/div[1]/ul[1]/li[2]/a[1]]
2020-12-28 21:12:370 INFO       NewAndUsedCarSearchPage :45 - Clicks on Any Make Field [[ChromeDriver: chrome on WINDOWS (7581f2cb9e8dbab4499ed858fdd958b9)] -> xpath: //select[@id='makes']]
2020-12-28 21:12:758 INFO       NewAndUsedCarSearchPage :52 - This method selects Model [[ChromeDriver: chrome on WINDOWS (7581f2cb9e8dbab4499ed858fdd958b9)] -> xpath: //select[@id='models']]
2020-12-28 21:12:974 INFO       NewAndUsedCarSearchPage :59 - This method selects Location [[ChromeDriver: chrome on WINDOWS (7581f2cb9e8dbab4499ed858fdd958b9)] -> xpath: //select[@id='locations']]
2020-12-28 21:12:258 INFO       NewAndUsedCarSearchPage :66 - This method selects price [[ChromeDriver: chrome on WINDOWS (7581f2cb9e8dbab4499ed858fdd958b9)] -> xpath: //select[@id='priceTo']]
2020-12-28 21:12:464 INFO       NewAndUsedCarSearchPage :73 - This clicks on Find My Next Car Button [[ChromeDriver: chrome on WINDOWS (7581f2cb9e8dbab4499ed858fdd958b9)] -> xpath: //input[@id='search-submit']]
2020-12-28 21:12:690 INFO       AudiA4Page :20 - Verify user navigate to Audi A4 Page Proxy element for: DefaultElementLocator 'By.xpath: //h1[contains(text(),'10 Used Audi A4s for Sale under $20,000 in SA')]'
2020-12-28 21:12:138 INFO       HomePage :26 - This will mouse hover on Buy + Sell Link [[ChromeDriver: chrome on WINDOWS (bc7b564760fa08a01925948bb2acfccf)] -> xpath: //li[@class='uhf-menu-item uhf-dropdown-menu-toggle uhf-menu-buysell']]
2020-12-28 21:12:332 INFO       HomePage :34 - This will click on Search Cars Link [[ChromeDriver: chrome on WINDOWS (bc7b564760fa08a01925948bb2acfccf)] -> xpath: //a[contains(text(),'Search Cars')]]
2020-12-28 21:12:354 INFO       NewAndUsedCarSearchPage :45 - Clicks on Any Make Field [[ChromeDriver: chrome on WINDOWS (bc7b564760fa08a01925948bb2acfccf)] -> xpath: //select[@id='makes']]
2020-12-28 21:12:709 INFO       NewAndUsedCarSearchPage :52 - This method selects Model [[ChromeDriver: chrome on WINDOWS (bc7b564760fa08a01925948bb2acfccf)] -> xpath: //select[@id='models']]
2020-12-28 21:12:944 INFO       NewAndUsedCarSearchPage :59 - This method selects Location [[ChromeDriver: chrome on WINDOWS (bc7b564760fa08a01925948bb2acfccf)] -> xpath: //select[@id='locations']]
2020-12-28 21:12:209 INFO       NewAndUsedCarSearchPage :66 - This method selects price [[ChromeDriver: chrome on WINDOWS (bc7b564760fa08a01925948bb2acfccf)] -> xpath: //select[@id='priceTo']]
2020-12-28 21:12:369 INFO       NewAndUsedCarSearchPage :73 - This clicks on Find My Next Car Button [[ChromeDriver: chrome on WINDOWS (bc7b564760fa08a01925948bb2acfccf)] -> xpath: //input[@id='search-submit']]
2020-12-28 21:12:739 INFO       NewAndUsedCarSearchPage :19 - Verify user can navigate to BMW Series 1 page Proxy element for: DefaultElementLocator 'By.xpath: //h1[contains(text(),'21 BMW 1 Series for Sale under $30,000 in Sydney, NSW')]'
2020-12-28 21:12:327 INFO       HomePage :26 - This will mouse hover on Buy + Sell Link [[ChromeDriver: chrome on WINDOWS (dbc97db097872449ad9a637931a68be3)] -> xpath: //li[@class='uhf-menu-item uhf-dropdown-menu-toggle uhf-menu-buysell']]
2020-12-28 21:12:537 INFO       HomePage :34 - This will click on Search Cars Link [[ChromeDriver: chrome on WINDOWS (dbc97db097872449ad9a637931a68be3)] -> xpath: //a[contains(text(),'Search Cars')]]
2020-12-28 21:12:270 INFO       NewAndUsedCarSearchPage :45 - Clicks on Any Make Field [[ChromeDriver: chrome on WINDOWS (dbc97db097872449ad9a637931a68be3)] -> xpath: //select[@id='makes']]
2020-12-28 21:12:433 INFO       NewAndUsedCarSearchPage :52 - This method selects Model [[ChromeDriver: chrome on WINDOWS (dbc97db097872449ad9a637931a68be3)] -> xpath: //select[@id='models']]
2020-12-28 21:12:577 INFO       NewAndUsedCarSearchPage :59 - This method selects Location [[ChromeDriver: chrome on WINDOWS (dbc97db097872449ad9a637931a68be3)] -> xpath: //select[@id='locations']]
2020-12-28 21:12:800 INFO       NewAndUsedCarSearchPage :66 - This method selects price [[ChromeDriver: chrome on WINDOWS (dbc97db097872449ad9a637931a68be3)] -> xpath: //select[@id='priceTo']]
2020-12-28 21:12:960 INFO       NewAndUsedCarSearchPage :73 - This clicks on Find My Next Car Button [[ChromeDriver: chrome on WINDOWS (dbc97db097872449ad9a637931a68be3)] -> xpath: //input[@id='search-submit']]
2020-12-28 21:12:195 INFO       NewAndUsedCarSearchPage :19 - Verify user can navigate to BMW Series 1 page Proxy element for: DefaultElementLocator 'By.xpath: //h1[contains(text(),'21 BMW 1 Series for Sale under $30,000 in Sydney, NSW')]'
2020-12-28 21:12:604 INFO       HomePage :26 - This will mouse hover on Buy + Sell Link [[ChromeDriver: chrome on WINDOWS (e2c4601efffede1e2e8ed3efe76b8224)] -> xpath: //li[@class='uhf-menu-item uhf-dropdown-menu-toggle uhf-menu-buysell']]
2020-12-28 21:12:944 INFO       HomePage :41 - This will click on Search Cars Link [[ChromeDriver: chrome on WINDOWS (e2c4601efffede1e2e8ed3efe76b8224)] -> xpath: //header/div[@id='u_H']/div[1]/div[1]/ul[1]/li[1]/div[1]/div[1]/div[1]/ul[1]/li[2]/a[1]]
2020-12-28 21:12:278 INFO       HomePage :26 - This will mouse hover on Buy + Sell Link [[ChromeDriver: chrome on WINDOWS (475accf7a64cfb4a6c35b02702010ca3)] -> xpath: //li[@class='uhf-menu-item uhf-dropdown-menu-toggle uhf-menu-buysell']]
2020-12-28 21:12:916 INFO       HomePage :34 - This will click on Search Cars Link [[ChromeDriver: chrome on WINDOWS (475accf7a64cfb4a6c35b02702010ca3)] -> xpath: //a[contains(text(),'Search Cars')]]
2020-12-28 21:12:29 INFO       NewAndUsedCarSearchPage :45 - Clicks on Any Make Field [[ChromeDriver: chrome on WINDOWS (475accf7a64cfb4a6c35b02702010ca3)] -> xpath: //select[@id='makes']]
2020-12-28 21:12:466 INFO       NewAndUsedCarSearchPage :52 - This method selects Model [[ChromeDriver: chrome on WINDOWS (475accf7a64cfb4a6c35b02702010ca3)] -> xpath: //select[@id='models']]
2020-12-28 21:12:645 INFO       NewAndUsedCarSearchPage :59 - This method selects Location [[ChromeDriver: chrome on WINDOWS (475accf7a64cfb4a6c35b02702010ca3)] -> xpath: //select[@id='locations']]
2020-12-28 21:12:758 INFO       NewAndUsedCarSearchPage :66 - This method selects price [[ChromeDriver: chrome on WINDOWS (475accf7a64cfb4a6c35b02702010ca3)] -> xpath: //select[@id='priceTo']]
2020-12-28 21:12:894 INFO       NewAndUsedCarSearchPage :73 - This clicks on Find My Next Car Button [[ChromeDriver: chrome on WINDOWS (475accf7a64cfb4a6c35b02702010ca3)] -> xpath: //input[@id='search-submit']]
2020-12-28 21:12:640 INFO       NewAndUsedCarSearchPage :19 - Verify user can navigate to BMW Series 1 page Proxy element for: DefaultElementLocator 'By.xpath: //h1[contains(text(),'21 BMW 1 Series for Sale under $30,000 in Sydney, NSW')]'
2020-12-28 21:12:70 INFO       HomePage :26 - This will mouse hover on Buy + Sell Link [[ChromeDriver: chrome on WINDOWS (bd5aa66de8ed4cb623cb366d9789bea5)] -> xpath: //li[@class='uhf-menu-item uhf-dropdown-menu-toggle uhf-menu-buysell']]
2020-12-28 21:12:258 INFO       HomePage :41 - This will click on Search Cars Link [[ChromeDriver: chrome on WINDOWS (bd5aa66de8ed4cb623cb366d9789bea5)] -> xpath: //header/div[@id='u_H']/div[1]/div[1]/ul[1]/li[1]/div[1]/div[1]/div[1]/ul[1]/li[2]/a[1]]
2020-12-28 21:12:459 INFO       NewAndUsedCarSearchPage :45 - Clicks on Any Make Field [[ChromeDriver: chrome on WINDOWS (bd5aa66de8ed4cb623cb366d9789bea5)] -> xpath: //select[@id='makes']]
2020-12-28 21:12:808 INFO       NewAndUsedCarSearchPage :52 - This method selects Model [[ChromeDriver: chrome on WINDOWS (bd5aa66de8ed4cb623cb366d9789bea5)] -> xpath: //select[@id='models']]
2020-12-28 21:12:17 INFO       NewAndUsedCarSearchPage :59 - This method selects Location [[ChromeDriver: chrome on WINDOWS (bd5aa66de8ed4cb623cb366d9789bea5)] -> xpath: //select[@id='locations']]
2020-12-28 21:12:238 INFO       NewAndUsedCarSearchPage :66 - This method selects price [[ChromeDriver: chrome on WINDOWS (bd5aa66de8ed4cb623cb366d9789bea5)] -> xpath: //select[@id='priceTo']]
2020-12-28 21:12:434 INFO       NewAndUsedCarSearchPage :73 - This clicks on Find My Next Car Button [[ChromeDriver: chrome on WINDOWS (bd5aa66de8ed4cb623cb366d9789bea5)] -> xpath: //input[@id='search-submit']]
2020-12-28 21:12:618 INFO       AudiA4Page :20 - Verify user navigate to Audi A4 Page Proxy element for: DefaultElementLocator 'By.xpath: //h1[contains(text(),'10 Used Audi A4s for Sale under $20,000 in SA')]'
2020-12-28 21:12:659 INFO       HomePage :26 - This will mouse hover on Buy + Sell Link [[ChromeDriver: chrome on WINDOWS (4e0403f8ea811c39c1208fdb5667beb4)] -> xpath: //li[@class='uhf-menu-item uhf-dropdown-menu-toggle uhf-menu-buysell']]
2020-12-28 21:12:983 INFO       HomePage :34 - This will click on Search Cars Link [[ChromeDriver: chrome on WINDOWS (4e0403f8ea811c39c1208fdb5667beb4)] -> xpath: //a[contains(text(),'Search Cars')]]
2020-12-28 21:12:15 INFO       NewAndUsedCarSearchPage :45 - Clicks on Any Make Field [[ChromeDriver: chrome on WINDOWS (4e0403f8ea811c39c1208fdb5667beb4)] -> xpath: //select[@id='makes']]
2020-12-28 21:12:262 INFO       NewAndUsedCarSearchPage :52 - This method selects Model [[ChromeDriver: chrome on WINDOWS (4e0403f8ea811c39c1208fdb5667beb4)] -> xpath: //select[@id='models']]
2020-12-28 21:12:490 INFO       NewAndUsedCarSearchPage :59 - This method selects Location [[ChromeDriver: chrome on WINDOWS (4e0403f8ea811c39c1208fdb5667beb4)] -> xpath: //select[@id='locations']]
2020-12-28 21:12:775 INFO       NewAndUsedCarSearchPage :66 - This method selects price [[ChromeDriver: chrome on WINDOWS (4e0403f8ea811c39c1208fdb5667beb4)] -> xpath: //select[@id='priceTo']]
2020-12-28 21:12:906 INFO       NewAndUsedCarSearchPage :73 - This clicks on Find My Next Car Button [[ChromeDriver: chrome on WINDOWS (4e0403f8ea811c39c1208fdb5667beb4)] -> xpath: //input[@id='search-submit']]
2020-12-28 21:12:13 INFO       NewAndUsedCarSearchPage :19 - Verify user can navigate to BMW Series 1 page Proxy element for: DefaultElementLocator 'By.xpath: //h1[contains(text(),'21 BMW 1 Series for Sale under $30,000 in Sydney, NSW')]'
2020-12-28 21:12:190 INFO       HomePage :26 - This will mouse hover on Buy + Sell Link [[ChromeDriver: chrome on WINDOWS (d1b1755bf379cd00a9685512493d088b)] -> xpath: //li[@class='uhf-menu-item uhf-dropdown-menu-toggle uhf-menu-buysell']]
2020-12-28 21:12:543 INFO       HomePage :41 - This will click on Search Cars Link [[ChromeDriver: chrome on WINDOWS (d1b1755bf379cd00a9685512493d088b)] -> xpath: //header/div[@id='u_H']/div[1]/div[1]/ul[1]/li[1]/div[1]/div[1]/div[1]/ul[1]/li[2]/a[1]]
2020-12-28 21:12:418 INFO       NewAndUsedCarSearchPage :45 - Clicks on Any Make Field [[ChromeDriver: chrome on WINDOWS (d1b1755bf379cd00a9685512493d088b)] -> xpath: //select[@id='makes']]
2020-12-28 21:12:647 INFO       NewAndUsedCarSearchPage :52 - This method selects Model [[ChromeDriver: chrome on WINDOWS (d1b1755bf379cd00a9685512493d088b)] -> xpath: //select[@id='models']]
2020-12-28 21:12:912 INFO       NewAndUsedCarSearchPage :59 - This method selects Location [[ChromeDriver: chrome on WINDOWS (d1b1755bf379cd00a9685512493d088b)] -> xpath: //select[@id='locations']]
2020-12-28 21:12:189 INFO       NewAndUsedCarSearchPage :66 - This method selects price [[ChromeDriver: chrome on WINDOWS (d1b1755bf379cd00a9685512493d088b)] -> xpath: //select[@id='priceTo']]
2020-12-28 21:12:416 INFO       NewAndUsedCarSearchPage :73 - This clicks on Find My Next Car Button [[ChromeDriver: chrome on WINDOWS (d1b1755bf379cd00a9685512493d088b)] -> xpath: //input[@id='search-submit']]
2020-12-28 21:12:410 INFO       AudiA4Page :20 - Verify user navigate to Audi A4 Page [[ChromeDriver: chrome on WINDOWS (d1b1755bf379cd00a9685512493d088b)] -> xpath: //h1[contains(text(),'10 Used Audi A4s for Sale under $20,000 in SA')]]
2020-12-28 21:12:959 INFO       HomePage :26 - This will mouse hover on Buy + Sell Link [[ChromeDriver: chrome on WINDOWS (f8f55cce863d54c169e1252f55ff77b3)] -> xpath: //li[@class='uhf-menu-item uhf-dropdown-menu-toggle uhf-menu-buysell']]
2020-12-28 21:12:870 INFO       HomePage :34 - This will click on Search Cars Link [[ChromeDriver: chrome on WINDOWS (f8f55cce863d54c169e1252f55ff77b3)] -> xpath: //a[contains(text(),'Search Cars')]]
2020-12-28 21:12:808 INFO       NewAndUsedCarSearchPage :45 - Clicks on Any Make Field [[ChromeDriver: chrome on WINDOWS (f8f55cce863d54c169e1252f55ff77b3)] -> xpath: //select[@id='makes']]
2020-12-28 21:12:63 INFO       NewAndUsedCarSearchPage :52 - This method selects Model [[ChromeDriver: chrome on WINDOWS (f8f55cce863d54c169e1252f55ff77b3)] -> xpath: //select[@id='models']]
2020-12-28 21:12:270 INFO       NewAndUsedCarSearchPage :59 - This method selects Location [[ChromeDriver: chrome on WINDOWS (f8f55cce863d54c169e1252f55ff77b3)] -> xpath: //select[@id='locations']]
2020-12-28 21:12:419 INFO       NewAndUsedCarSearchPage :66 - This method selects price [[ChromeDriver: chrome on WINDOWS (f8f55cce863d54c169e1252f55ff77b3)] -> xpath: //select[@id='priceTo']]
2020-12-28 21:12:571 INFO       NewAndUsedCarSearchPage :73 - This clicks on Find My Next Car Button [[ChromeDriver: chrome on WINDOWS (f8f55cce863d54c169e1252f55ff77b3)] -> xpath: //input[@id='search-submit']]
2020-12-28 21:12:202 INFO       NewAndUsedCarSearchPage :19 - Verify user can navigate to BMW Series 1 page Proxy element for: DefaultElementLocator 'By.xpath: //h1[contains(text(),'21 BMW 1 Series for Sale under $30,000 in Sydney, NSW')]'
