2020-12-27 11:12:904 INFO       HomePage :23 - This will mouse hover on Buy + Sell Link [[ChromeDriver: chrome on WINDOWS (43e55ab00ec29363b90c0f84a3e5d557)] -> xpath: //a[contains(text(),'buy + sell')]]
2020-12-27 11:12:938 INFO       HomePage :31 - This will click on Search Cars Link [[ChromeDriver: chrome on WINDOWS (43e55ab00ec29363b90c0f84a3e5d557)] -> xpath: //a[contains(text(),'Search Cars')]]
2020-12-27 11:12:778 INFO       HomePage :23 - This will mouse hover on Buy + Sell Link [[ChromeDriver: chrome on WINDOWS (a576e0f6e0838b2fccfd58fed3263d69)] -> xpath: //a[contains(text(),'buy + sell')]]
2020-12-27 11:12:854 INFO       HomePage :31 - This will click on Search Cars Link [[ChromeDriver: chrome on WINDOWS (a576e0f6e0838b2fccfd58fed3263d69)] -> xpath: //a[contains(text(),'Search Cars')]]
2020-12-27 12:12:387 INFO       HomePage :23 - This will mouse hover on Buy + Sell Link [[ChromeDriver: chrome on WINDOWS (1b68078a3da06b76eeb3ae6fad9cee84)] -> xpath: //a[contains(text(),'buy + sell')]]
2020-12-27 12:12:523 INFO       HomePage :31 - This will click on Search Cars Link [[ChromeDriver: chrome on WINDOWS (1b68078a3da06b76eeb3ae6fad9cee84)] -> xpath: //a[contains(text(),'Search Cars')]]
2020-12-27 12:12:351 INFO       NewAndUsedCarSearchPage :24 - Verifies that user is on New & Used car Search Page [[ChromeDriver: chrome on WINDOWS (1b68078a3da06b76eeb3ae6fad9cee84)] -> xpath: //h1[contains(text(),'New & Used Car Search - carsguide')]]
2020-12-27 12:12:213 INFO       HomePage :23 - This will mouse hover on Buy + Sell Link [[ChromeDriver: chrome on WINDOWS (eafae9270a888154741ee7c18bab1fa5)] -> xpath: //a[contains(text(),'buy + sell')]]
2020-12-27 12:12:51 INFO       HomePage :31 - This will click on Search Cars Link [[ChromeDriver: chrome on WINDOWS (eafae9270a888154741ee7c18bab1fa5)] -> xpath: //a[contains(text(),'Search Cars')]]
2020-12-27 12:12:230 INFO       NewAndUsedCarSearchPage :24 - Verifies that user is on New & Used car Search Page [[ChromeDriver: chrome on WINDOWS (eafae9270a888154741ee7c18bab1fa5)] -> xpath: //h1[contains(text(),'New & Used Car Search - carsguide')]]
2020-12-27 12:12:379 INFO       NewAndUsedCarSearchPage :31 - Clicks on Any Make Field [[ChromeDriver: chrome on WINDOWS (eafae9270a888154741ee7c18bab1fa5)] -> xpath: //select[@id='makes']]
2020-12-27 12:12:711 INFO       HomePage :23 - This will mouse hover on Buy + Sell Link [[ChromeDriver: chrome on WINDOWS (9a7d39338a5d8c5de11230adee267b39)] -> xpath: //a[contains(text(),'buy + sell')]]
2020-12-27 12:12:699 INFO       HomePage :31 - This will click on Search Cars Link [[ChromeDriver: chrome on WINDOWS (9a7d39338a5d8c5de11230adee267b39)] -> xpath: //a[contains(text(),'Search Cars')]]
2020-12-27 12:12:787 INFO       NewAndUsedCarSearchPage :24 - Verifies that user is on New & Used car Search Page [[ChromeDriver: chrome on WINDOWS (9a7d39338a5d8c5de11230adee267b39)] -> xpath: //h1[contains(text(),'New & Used Car Search - carsguide')]]
2020-12-27 12:12:916 INFO       NewAndUsedCarSearchPage :31 - Clicks on Any Make Field [[ChromeDriver: chrome on WINDOWS (9a7d39338a5d8c5de11230adee267b39)] -> xpath: //select[@id='makes']]
2020-12-27 12:12:74 INFO       HomePage :23 - This will mouse hover on Buy + Sell Link [[ChromeDriver: chrome on WINDOWS (79d845b10c55677d81e989f15b0c69f6)] -> xpath: //a[contains(text(),'buy + sell')]]
2020-12-27 12:12:457 INFO       HomePage :31 - This will click on Search Cars Link [[ChromeDriver: chrome on WINDOWS (79d845b10c55677d81e989f15b0c69f6)] -> xpath: //a[contains(text(),'Search Cars')]]
2020-12-27 12:12:62 INFO       NewAndUsedCarSearchPage :24 - Verifies that user is on New & Used car Search Page [[ChromeDriver: chrome on WINDOWS (79d845b10c55677d81e989f15b0c69f6)] -> xpath: //h1[contains(text(),'New & Used Car Search - carsguide')]]
2020-12-27 12:12:94 INFO       NewAndUsedCarSearchPage :31 - Clicks on Any Make Field [[ChromeDriver: chrome on WINDOWS (79d845b10c55677d81e989f15b0c69f6)] -> xpath: //select[@id='makes']]
2020-12-27 12:12:394 INFO       HomePage :23 - This will mouse hover on Buy + Sell Link [[ChromeDriver: chrome on WINDOWS (51d061d21554cade313cd59dd0ddbb54)] -> xpath: //a[contains(text(),'buy + sell')]]
2020-12-27 12:12:930 INFO       HomePage :31 - This will click on Search Cars Link [[ChromeDriver: chrome on WINDOWS (51d061d21554cade313cd59dd0ddbb54)] -> xpath: //a[contains(text(),'Search Cars')]]
2020-12-27 12:12:868 INFO       NewAndUsedCarSearchPage :24 - Verifies that user is on New & Used car Search Page [[ChromeDriver: chrome on WINDOWS (51d061d21554cade313cd59dd0ddbb54)] -> xpath: //h1[contains(text(),'New & Used Car Search - carsguide')]]
2020-12-27 12:12:996 INFO       NewAndUsedCarSearchPage :31 - Clicks on Any Make Field [[ChromeDriver: chrome on WINDOWS (51d061d21554cade313cd59dd0ddbb54)] -> xpath: //select[@id='makes']]
2020-12-27 12:12:478 INFO       HomePage :23 - This will mouse hover on Buy + Sell Link [[ChromeDriver: chrome on WINDOWS (51de290bb421580acee35f6688b0fee7)] -> xpath: //a[contains(text(),'buy + sell')]]
2020-12-27 12:12:381 INFO       HomePage :31 - This will click on Search Cars Link [[ChromeDriver: chrome on WINDOWS (51de290bb421580acee35f6688b0fee7)] -> xpath: //a[contains(text(),'Search Cars')]]
2020-12-27 12:12:379 INFO       NewAndUsedCarSearchPage :24 - Verifies that user is on New & Used car Search Page [[ChromeDriver: chrome on WINDOWS (51de290bb421580acee35f6688b0fee7)] -> xpath: //h1[contains(text(),'New & Used Car Search - carsguide')]]
2020-12-27 12:12:555 INFO       NewAndUsedCarSearchPage :31 - Clicks on Any Make Field [[ChromeDriver: chrome on WINDOWS (51de290bb421580acee35f6688b0fee7)] -> xpath: //select[@id='makes']]
2020-12-27 12:12:666 INFO       HomePage :23 - This will mouse hover on Buy + Sell Link [[ChromeDriver: chrome on WINDOWS (d60077f7f57a19db44a665babb3f8a68)] -> xpath: //a[contains(text(),'buy + sell')]]
2020-12-27 12:12:396 INFO       HomePage :31 - This will click on Search Cars Link [[ChromeDriver: chrome on WINDOWS (d60077f7f57a19db44a665babb3f8a68)] -> xpath: //a[contains(text(),'Search Cars')]]
2020-12-27 12:12:348 INFO       NewAndUsedCarSearchPage :24 - Verifies that user is on New & Used car Search Page [[ChromeDriver: chrome on WINDOWS (d60077f7f57a19db44a665babb3f8a68)] -> xpath: //h1[contains(text(),'New & Used Car Search - carsguide')]]
2020-12-27 12:12:505 INFO       NewAndUsedCarSearchPage :31 - Clicks on Any Make Field [[ChromeDriver: chrome on WINDOWS (d60077f7f57a19db44a665babb3f8a68)] -> xpath: //select[@id='makes']]
2020-12-27 12:12:509 INFO       HomePage :23 - This will mouse hover on Buy + Sell Link [[ChromeDriver: chrome on WINDOWS (c411a705d9076c11c91df075b400a767)] -> xpath: //a[contains(text(),'buy + sell')]]
2020-12-27 12:12:228 INFO       HomePage :31 - This will click on Search Cars Link [[ChromeDriver: chrome on WINDOWS (c411a705d9076c11c91df075b400a767)] -> xpath: //a[contains(text(),'Search Cars')]]
2020-12-27 12:12:231 INFO       NewAndUsedCarSearchPage :27 - Verifies that user is on New & Used car Search Page [[ChromeDriver: chrome on WINDOWS (c411a705d9076c11c91df075b400a767)] -> xpath: //h1[contains(text(),'New & Used Car Search - carsguide')]]
2020-12-27 12:12:293 INFO       NewAndUsedCarSearchPage :35 - Clicks on Any Make Field [[ChromeDriver: chrome on WINDOWS (c411a705d9076c11c91df075b400a767)] -> xpath: //select[@id='makes']]
2020-12-27 12:12:518 INFO       NewAndUsedCarSearchPage :42 - This method selects Model [[ChromeDriver: chrome on WINDOWS (c411a705d9076c11c91df075b400a767)] -> xpath: //select[@id='models']]
2020-12-27 12:12:627 INFO       HomePage :23 - This will mouse hover on Buy + Sell Link [[ChromeDriver: chrome on WINDOWS (bfba25e0bdb536e39dad0814c140baf0)] -> xpath: //a[contains(text(),'buy + sell')]]
2020-12-27 12:12:77 INFO       HomePage :31 - This will click on Search Cars Link [[ChromeDriver: chrome on WINDOWS (bfba25e0bdb536e39dad0814c140baf0)] -> xpath: //a[contains(text(),'Search Cars')]]
2020-12-27 12:12:58 INFO       NewAndUsedCarSearchPage :27 - Verifies that user is on New & Used car Search Page [[ChromeDriver: chrome on WINDOWS (bfba25e0bdb536e39dad0814c140baf0)] -> xpath: //h1[contains(text(),'New & Used Car Search - carsguide')]]
2020-12-27 12:12:106 INFO       NewAndUsedCarSearchPage :35 - Clicks on Any Make Field [[ChromeDriver: chrome on WINDOWS (bfba25e0bdb536e39dad0814c140baf0)] -> xpath: //select[@id='makes']]
2020-12-27 12:12:349 INFO       NewAndUsedCarSearchPage :42 - This method selects Model [[ChromeDriver: chrome on WINDOWS (bfba25e0bdb536e39dad0814c140baf0)] -> xpath: //select[@id='models']]
2020-12-27 12:12:285 INFO       HomePage :23 - This will mouse hover on Buy + Sell Link [[ChromeDriver: chrome on WINDOWS (43f296d410fa1e2d881f25db2c9c6918)] -> xpath: //a[contains(text(),'buy + sell')]]
2020-12-27 12:12:994 INFO       HomePage :31 - This will click on Search Cars Link [[ChromeDriver: chrome on WINDOWS (43f296d410fa1e2d881f25db2c9c6918)] -> xpath: //a[contains(text(),'Search Cars')]]
2020-12-27 12:12:717 INFO       HomePage :23 - This will mouse hover on Buy + Sell Link [[ChromeDriver: chrome on WINDOWS (4a2723572a2c59fc38f43b6356f8a1e7)] -> xpath: //a[contains(text(),'buy + sell')]]
2020-12-27 12:12:339 INFO       HomePage :31 - This will click on Search Cars Link [[ChromeDriver: chrome on WINDOWS (4a2723572a2c59fc38f43b6356f8a1e7)] -> xpath: //a[contains(text(),'Search Cars')]]
2020-12-27 12:12:280 INFO       NewAndUsedCarSearchPage :30 - Verifies that user is on New & Used car Search Page [[ChromeDriver: chrome on WINDOWS (4a2723572a2c59fc38f43b6356f8a1e7)] -> xpath: //h1[contains(text(),'New & Used Car Search - carsguide')]]
2020-12-27 12:12:423 INFO       NewAndUsedCarSearchPage :38 - Clicks on Any Make Field [[ChromeDriver: chrome on WINDOWS (4a2723572a2c59fc38f43b6356f8a1e7)] -> xpath: //select[@id='makes']]
2020-12-27 12:12:580 INFO       NewAndUsedCarSearchPage :45 - This method selects Model [[ChromeDriver: chrome on WINDOWS (4a2723572a2c59fc38f43b6356f8a1e7)] -> xpath: //select[@id='models']]
2020-12-27 12:12:734 INFO       NewAndUsedCarSearchPage :52 - This method selects Location [[ChromeDriver: chrome on WINDOWS (4a2723572a2c59fc38f43b6356f8a1e7)] -> xpath: //select[@id='locations']]
2020-12-27 12:12:117 INFO       HomePage :23 - This will mouse hover on Buy + Sell Link [[ChromeDriver: chrome on WINDOWS (ae4db204a8702879ad22c17ff487da11)] -> xpath: //a[contains(text(),'buy + sell')]]
2020-12-27 12:12:823 INFO       HomePage :31 - This will click on Search Cars Link [[ChromeDriver: chrome on WINDOWS (ae4db204a8702879ad22c17ff487da11)] -> xpath: //a[contains(text(),'Search Cars')]]
2020-12-27 12:12:797 INFO       NewAndUsedCarSearchPage :34 - Verifies that user is on New & Used car Search Page [[ChromeDriver: chrome on WINDOWS (ae4db204a8702879ad22c17ff487da11)] -> xpath: //h1[contains(text(),'New & Used Car Search - carsguide')]]
2020-12-27 12:12:84 INFO       NewAndUsedCarSearchPage :42 - Clicks on Any Make Field [[ChromeDriver: chrome on WINDOWS (ae4db204a8702879ad22c17ff487da11)] -> xpath: //select[@id='makes']]
2020-12-27 12:12:666 INFO       NewAndUsedCarSearchPage :49 - This method selects Model [[ChromeDriver: chrome on WINDOWS (ae4db204a8702879ad22c17ff487da11)] -> xpath: //select[@id='models']]
2020-12-27 12:12:813 INFO       NewAndUsedCarSearchPage :56 - This method selects Location [[ChromeDriver: chrome on WINDOWS (ae4db204a8702879ad22c17ff487da11)] -> xpath: //select[@id='locations']]
2020-12-27 12:12:945 INFO       NewAndUsedCarSearchPage :63 - This method selects price [[ChromeDriver: chrome on WINDOWS (ae4db204a8702879ad22c17ff487da11)] -> xpath: //select[@id='priceTo']]
2020-12-27 12:12:397 INFO       HomePage :23 - This will mouse hover on Buy + Sell Link [[ChromeDriver: chrome on WINDOWS (3420456ccc472452dfcffec2cb88f9b5)] -> xpath: //a[contains(text(),'buy + sell')]]
2020-12-27 12:12:937 INFO       HomePage :31 - This will click on Search Cars Link [[ChromeDriver: chrome on WINDOWS (3420456ccc472452dfcffec2cb88f9b5)] -> xpath: //a[contains(text(),'Search Cars')]]
2020-12-27 12:12:894 INFO       NewAndUsedCarSearchPage :36 - Verifies that user is on New & Used car Search Page [[ChromeDriver: chrome on WINDOWS (3420456ccc472452dfcffec2cb88f9b5)] -> xpath: //h1[contains(text(),'New & Used Car Search - carsguide')]]
2020-12-27 12:12:08 INFO       NewAndUsedCarSearchPage :44 - Clicks on Any Make Field [[ChromeDriver: chrome on WINDOWS (3420456ccc472452dfcffec2cb88f9b5)] -> xpath: //select[@id='makes']]
2020-12-27 12:12:176 INFO       NewAndUsedCarSearchPage :51 - This method selects Model [[ChromeDriver: chrome on WINDOWS (3420456ccc472452dfcffec2cb88f9b5)] -> xpath: //select[@id='models']]
2020-12-27 12:12:433 INFO       NewAndUsedCarSearchPage :58 - This method selects Location [[ChromeDriver: chrome on WINDOWS (3420456ccc472452dfcffec2cb88f9b5)] -> xpath: //select[@id='locations']]
2020-12-27 12:12:577 INFO       NewAndUsedCarSearchPage :65 - This method selects price [[ChromeDriver: chrome on WINDOWS (3420456ccc472452dfcffec2cb88f9b5)] -> xpath: //select[@id='priceTo']]
2020-12-27 12:12:856 INFO       NewAndUsedCarSearchPage :72 - This clicks on Find My Next Car Button [[ChromeDriver: chrome on WINDOWS (3420456ccc472452dfcffec2cb88f9b5)] -> xpath: //input[@id='search-submit']]
2020-12-27 12:12:903 INFO       HomePage :23 - This will mouse hover on Buy + Sell Link [[ChromeDriver: chrome on WINDOWS (543878f058d4cab493a154cca42e1d38)] -> xpath: //a[contains(text(),'buy + sell')]]
2020-12-27 12:12:101 INFO       HomePage :31 - This will click on Search Cars Link [[ChromeDriver: chrome on WINDOWS (543878f058d4cab493a154cca42e1d38)] -> xpath: //a[contains(text(),'Search Cars')]]
2020-12-27 12:12:137 INFO       NewAndUsedCarSearchPage :36 - Verifies that user is on New & Used car Search Page [[ChromeDriver: chrome on WINDOWS (543878f058d4cab493a154cca42e1d38)] -> xpath: //h1[contains(text(),'New & Used Car Search - carsguide')]]
2020-12-27 12:12:198 INFO       NewAndUsedCarSearchPage :44 - Clicks on Any Make Field [[ChromeDriver: chrome on WINDOWS (543878f058d4cab493a154cca42e1d38)] -> xpath: //select[@id='makes']]
2020-12-27 12:12:406 INFO       NewAndUsedCarSearchPage :51 - This method selects Model [[ChromeDriver: chrome on WINDOWS (543878f058d4cab493a154cca42e1d38)] -> xpath: //select[@id='models']]
2020-12-27 12:12:749 INFO       NewAndUsedCarSearchPage :58 - This method selects Location [[ChromeDriver: chrome on WINDOWS (543878f058d4cab493a154cca42e1d38)] -> xpath: //select[@id='locations']]
2020-12-27 12:12:873 INFO       NewAndUsedCarSearchPage :65 - This method selects price [[ChromeDriver: chrome on WINDOWS (543878f058d4cab493a154cca42e1d38)] -> xpath: //select[@id='priceTo']]
2020-12-27 12:12:142 INFO       NewAndUsedCarSearchPage :72 - This clicks on Find My Next Car Button [[ChromeDriver: chrome on WINDOWS (543878f058d4cab493a154cca42e1d38)] -> xpath: //input[@id='search-submit']]
2020-12-27 12:12:255 INFO       NewAndUsedCarSearchPage :19 - Verify user can navigate to BMW Series 1 page Proxy element for: DefaultElementLocator 'By.xpath: //h1[contains(text(),'21 BMW 1 Series for Sale under $30,000 in Sydney, ')]'
2020-12-27 12:12:763 INFO       HomePage :23 - This will mouse hover on Buy + Sell Link [[ChromeDriver: chrome on WINDOWS (10bcc70d5cd7d2dde4d30c65299ca173)] -> xpath: //a[contains(text(),'buy + sell')]]
2020-12-27 12:12:184 INFO       HomePage :31 - This will click on Search Cars Link [[ChromeDriver: chrome on WINDOWS (10bcc70d5cd7d2dde4d30c65299ca173)] -> xpath: //a[contains(text(),'Search Cars')]]
2020-12-27 12:12:422 INFO       NewAndUsedCarSearchPage :36 - Verifies that user is on New & Used car Search Page [[ChromeDriver: chrome on WINDOWS (10bcc70d5cd7d2dde4d30c65299ca173)] -> xpath: //h1[contains(text(),'New & Used Car Search - carsguide')]]
2020-12-27 12:12:561 INFO       NewAndUsedCarSearchPage :44 - Clicks on Any Make Field [[ChromeDriver: chrome on WINDOWS (10bcc70d5cd7d2dde4d30c65299ca173)] -> xpath: //select[@id='makes']]
2020-12-27 12:12:736 INFO       NewAndUsedCarSearchPage :51 - This method selects Model [[ChromeDriver: chrome on WINDOWS (10bcc70d5cd7d2dde4d30c65299ca173)] -> xpath: //select[@id='models']]
2020-12-27 12:12:132 INFO       NewAndUsedCarSearchPage :58 - This method selects Location [[ChromeDriver: chrome on WINDOWS (10bcc70d5cd7d2dde4d30c65299ca173)] -> xpath: //select[@id='locations']]
2020-12-27 12:12:321 INFO       NewAndUsedCarSearchPage :65 - This method selects price [[ChromeDriver: chrome on WINDOWS (10bcc70d5cd7d2dde4d30c65299ca173)] -> xpath: //select[@id='priceTo']]
2020-12-27 12:12:518 INFO       NewAndUsedCarSearchPage :72 - This clicks on Find My Next Car Button [[ChromeDriver: chrome on WINDOWS (10bcc70d5cd7d2dde4d30c65299ca173)] -> xpath: //input[@id='search-submit']]
2020-12-27 12:12:85 INFO       NewAndUsedCarSearchPage :19 - Verify user can navigate to BMW Series 1 page [[ChromeDriver: chrome on WINDOWS (10bcc70d5cd7d2dde4d30c65299ca173)] -> xpath: //h1[contains(text(),'21 BMW 1 Series for Sale under $30,000 in Sydney, ')]]
2020-12-27 12:12:246 INFO       HomePage :23 - This will mouse hover on Buy + Sell Link [[ChromeDriver: chrome on WINDOWS (19ad573ad8a781a88c391dc1caab1f81)] -> xpath: //a[contains(text(),'buy + sell')]]
2020-12-27 12:12:748 INFO       HomePage :31 - This will click on Search Cars Link [[ChromeDriver: chrome on WINDOWS (19ad573ad8a781a88c391dc1caab1f81)] -> xpath: //a[contains(text(),'Search Cars')]]
2020-12-27 12:12:151 INFO       NewAndUsedCarSearchPage :36 - Verifies that user is on New & Used car Search Page [[ChromeDriver: chrome on WINDOWS (19ad573ad8a781a88c391dc1caab1f81)] -> xpath: //h1[contains(text(),'New & Used Car Search - carsguide')]]
2020-12-27 12:12:218 INFO       NewAndUsedCarSearchPage :44 - Clicks on Any Make Field [[ChromeDriver: chrome on WINDOWS (19ad573ad8a781a88c391dc1caab1f81)] -> xpath: //select[@id='makes']]
2020-12-27 12:12:390 INFO       NewAndUsedCarSearchPage :51 - This method selects Model [[ChromeDriver: chrome on WINDOWS (19ad573ad8a781a88c391dc1caab1f81)] -> xpath: //select[@id='models']]
2020-12-27 12:12:549 INFO       NewAndUsedCarSearchPage :58 - This method selects Location [[ChromeDriver: chrome on WINDOWS (19ad573ad8a781a88c391dc1caab1f81)] -> xpath: //select[@id='locations']]
2020-12-27 12:12:684 INFO       NewAndUsedCarSearchPage :65 - This method selects price [[ChromeDriver: chrome on WINDOWS (19ad573ad8a781a88c391dc1caab1f81)] -> xpath: //select[@id='priceTo']]
2020-12-27 12:12:820 INFO       NewAndUsedCarSearchPage :72 - This clicks on Find My Next Car Button [[ChromeDriver: chrome on WINDOWS (19ad573ad8a781a88c391dc1caab1f81)] -> xpath: //input[@id='search-submit']]
2020-12-27 12:12:795 INFO       NewAndUsedCarSearchPage :19 - Verify user can navigate to BMW Series 1 page [[ChromeDriver: chrome on WINDOWS (19ad573ad8a781a88c391dc1caab1f81)] -> xpath: //h1[contains(text(),'21 BMW 1 Series for Sale under $30,000 in Sydney, NSW')]]
2020-12-27 12:12:483 INFO       HomePage :23 - This will mouse hover on Buy + Sell Link [[ChromeDriver: chrome on WINDOWS (cb47cd4bc93fa90d00d8c991a9320323)] -> xpath: //a[contains(text(),'buy + sell')]]
2020-12-27 12:12:588 INFO       HomePage :31 - This will click on Search Cars Link [[ChromeDriver: chrome on WINDOWS (cb47cd4bc93fa90d00d8c991a9320323)] -> xpath: //a[contains(text(),'Search Cars')]]
2020-12-27 12:12:523 INFO       NewAndUsedCarSearchPage :36 - Verifies that user is on New & Used car Search Page [[ChromeDriver: chrome on WINDOWS (cb47cd4bc93fa90d00d8c991a9320323)] -> xpath: //h1[contains(text(),'New & Used Car Search - carsguide')]]
2020-12-27 12:12:814 INFO       NewAndUsedCarSearchPage :44 - Clicks on Any Make Field [[ChromeDriver: chrome on WINDOWS (cb47cd4bc93fa90d00d8c991a9320323)] -> xpath: //select[@id='makes']]
2020-12-27 12:12:396 INFO       NewAndUsedCarSearchPage :51 - This method selects Model [[ChromeDriver: chrome on WINDOWS (cb47cd4bc93fa90d00d8c991a9320323)] -> xpath: //select[@id='models']]
2020-12-27 12:12:530 INFO       NewAndUsedCarSearchPage :58 - This method selects Location [[ChromeDriver: chrome on WINDOWS (cb47cd4bc93fa90d00d8c991a9320323)] -> xpath: //select[@id='locations']]
2020-12-27 12:12:653 INFO       NewAndUsedCarSearchPage :65 - This method selects price [[ChromeDriver: chrome on WINDOWS (cb47cd4bc93fa90d00d8c991a9320323)] -> xpath: //select[@id='priceTo']]
2020-12-27 12:12:793 INFO       NewAndUsedCarSearchPage :72 - This clicks on Find My Next Car Button [[ChromeDriver: chrome on WINDOWS (cb47cd4bc93fa90d00d8c991a9320323)] -> xpath: //input[@id='search-submit']]
2020-12-27 12:12:725 INFO       NewAndUsedCarSearchPage :19 - Verify user can navigate to BMW Series 1 page [[ChromeDriver: chrome on WINDOWS (cb47cd4bc93fa90d00d8c991a9320323)] -> xpath: //h1[contains(text(),'21 BMW 1 Series for Sale under $30,000 in Sydney, NSW')]]
2020-12-27 13:12:108 INFO       HomePage :23 - This will mouse hover on Buy + Sell Link [[ChromeDriver: chrome on WINDOWS (5b2356428925920e0b8ddb3532e324c1)] -> xpath: //a[contains(text(),'buy + sell')]]
2020-12-27 13:12:652 INFO       HomePage :31 - This will click on Search Cars Link [[ChromeDriver: chrome on WINDOWS (5b2356428925920e0b8ddb3532e324c1)] -> xpath: //a[contains(text(),'Search Cars')]]
2020-12-27 13:12:551 INFO       NewAndUsedCarSearchPage :36 - Verifies that user is on New & Used car Search Page [[ChromeDriver: chrome on WINDOWS (5b2356428925920e0b8ddb3532e324c1)] -> xpath: //h1[contains(text(),'New & Used Car Search - carsguide')]]
2020-12-27 13:12:818 INFO       NewAndUsedCarSearchPage :44 - Clicks on Any Make Field [[ChromeDriver: chrome on WINDOWS (5b2356428925920e0b8ddb3532e324c1)] -> xpath: //select[@id='makes']]
2020-12-27 13:12:285 INFO       NewAndUsedCarSearchPage :51 - This method selects Model [[ChromeDriver: chrome on WINDOWS (5b2356428925920e0b8ddb3532e324c1)] -> xpath: //select[@id='models']]
2020-12-27 13:12:509 INFO       NewAndUsedCarSearchPage :58 - This method selects Location [[ChromeDriver: chrome on WINDOWS (5b2356428925920e0b8ddb3532e324c1)] -> xpath: //select[@id='locations']]
2020-12-27 13:12:752 INFO       NewAndUsedCarSearchPage :65 - This method selects price [[ChromeDriver: chrome on WINDOWS (5b2356428925920e0b8ddb3532e324c1)] -> xpath: //select[@id='priceTo']]
2020-12-27 13:12:927 INFO       NewAndUsedCarSearchPage :72 - This clicks on Find My Next Car Button [[ChromeDriver: chrome on WINDOWS (5b2356428925920e0b8ddb3532e324c1)] -> xpath: //input[@id='search-submit']]
2020-12-27 13:12:330 INFO       NewAndUsedCarSearchPage :19 - Verify user can navigate to BMW Series 1 page [[ChromeDriver: chrome on WINDOWS (5b2356428925920e0b8ddb3532e324c1)] -> xpath: //h1[contains(text(),'21 BMW 1 Series for Sale under $30,000 in Sydney, NSW')]]
2020-12-27 13:12:202 INFO       HomePage :23 - This will mouse hover on Buy + Sell Link [[ChromeDriver: chrome on WINDOWS (130990d3f2557c6159b2b047dc996c60)] -> xpath: //a[contains(text(),'buy + sell')]]
2020-12-27 13:12:443 INFO       HomePage :31 - This will click on Search Cars Link [[ChromeDriver: chrome on WINDOWS (130990d3f2557c6159b2b047dc996c60)] -> xpath: //a[contains(text(),'Search Cars')]]
2020-12-27 13:12:367 INFO       NewAndUsedCarSearchPage :36 - Verifies that user is on New & Used car Search Page [[ChromeDriver: chrome on WINDOWS (130990d3f2557c6159b2b047dc996c60)] -> xpath: //h1[contains(text(),'New & Used Car Search - carsguide')]]
2020-12-27 13:12:534 INFO       NewAndUsedCarSearchPage :44 - Clicks on Any Make Field [[ChromeDriver: chrome on WINDOWS (130990d3f2557c6159b2b047dc996c60)] -> xpath: //select[@id='makes']]
2020-12-27 13:12:720 INFO       NewAndUsedCarSearchPage :51 - This method selects Model [[ChromeDriver: chrome on WINDOWS (130990d3f2557c6159b2b047dc996c60)] -> xpath: //select[@id='models']]
2020-12-27 13:12:900 INFO       NewAndUsedCarSearchPage :58 - This method selects Location [[ChromeDriver: chrome on WINDOWS (130990d3f2557c6159b2b047dc996c60)] -> xpath: //select[@id='locations']]
2020-12-27 13:12:247 INFO       NewAndUsedCarSearchPage :65 - This method selects price [[ChromeDriver: chrome on WINDOWS (130990d3f2557c6159b2b047dc996c60)] -> xpath: //select[@id='priceTo']]
2020-12-27 13:12:427 INFO       NewAndUsedCarSearchPage :72 - This clicks on Find My Next Car Button [[ChromeDriver: chrome on WINDOWS (130990d3f2557c6159b2b047dc996c60)] -> xpath: //input[@id='search-submit']]
2020-12-27 13:12:336 INFO       NewAndUsedCarSearchPage :19 - Verify user can navigate to BMW Series 1 page [[ChromeDriver: chrome on WINDOWS (130990d3f2557c6159b2b047dc996c60)] -> xpath: //h1[contains(text(),'21 BMW 1 Series for Sale under $30,000 in Sydney, NSW')]]
2020-12-27 13:12:473 INFO       NewAndUsedCarSearchPage :27 - Bmw 1 Series Under 30000 for Sale Sydney NSW | carsguide
2020-12-27 13:12:772 INFO       HomePage :41 - This will click on Search Cars Link Proxy element for: DefaultElementLocator 'By.xpath: *[@id="u_H"]/div/div[1]/ul/li[1]//div[1]/ul/li[2]/a
'
2020-12-27 13:12:595 INFO       HomePage :26 - This will mouse hover on Buy + Sell Link [[ChromeDriver: chrome on WINDOWS (4a4d283d68467720510028643e7f7301)] -> xpath: //a[contains(text(),'buy + sell')]]
2020-12-27 13:12:269 INFO       HomePage :41 - This will click on Search Cars Link Proxy element for: DefaultElementLocator 'By.xpath: *[@id="u_H"]/div/div[1]/ul/li[1]//div[1]/ul/li[2]/a
'
2020-12-27 13:12:989 INFO       HomePage :26 - This will mouse hover on Buy + Sell Link [[ChromeDriver: chrome on WINDOWS (26a715547b749893b92a558acc1695fa)] -> xpath: //a[contains(text(),'buy + sell')]]
2020-12-27 13:12:330 INFO       HomePage :41 - This will click on Search Cars Link Proxy element for: DefaultElementLocator 'By.xpath: *[@id="u_H"]/div/div[1]/ul/li[1]//div[1]/ul/li[2]/a'
2020-12-27 13:12:980 INFO       HomePage :26 - This will mouse hover on Buy + Sell Link [[ChromeDriver: chrome on WINDOWS (0d9836fb81e55bea9b7391c68ecdec75)] -> xpath: //a[contains(text(),'buy + sell')]]
2020-12-27 13:12:164 INFO       HomePage :41 - This will click on Search Cars Link [[ChromeDriver: chrome on WINDOWS (0d9836fb81e55bea9b7391c68ecdec75)] -> xpath: //header/div[@id='u_H']/div[1]/div[1]/ul[1]/li[1]/div[1]/div[1]/div[1]/ul[1]/li[2]/a[1]]
2020-12-27 13:12:133 INFO       HomePage :26 - This will mouse hover on Buy + Sell Link [[ChromeDriver: chrome on WINDOWS (2009638ce355bd272d4c6bb3554d35e5)] -> xpath: //a[contains(text(),'buy + sell')]]
2020-12-27 13:12:90 INFO       HomePage :41 - This will click on Search Cars Link [[ChromeDriver: chrome on WINDOWS (2009638ce355bd272d4c6bb3554d35e5)] -> xpath: //header/div[@id='u_H']/div[1]/div[1]/ul[1]/li[1]/div[1]/div[1]/div[1]/ul[1]/li[2]/a[1]]
2020-12-27 13:12:667 INFO       HomePage :26 - This will mouse hover on Buy + Sell Link [[ChromeDriver: chrome on WINDOWS (6f2d66eb20b69e849044614889e66566)] -> xpath: //a[contains(text(),'buy + sell')]]
2020-12-27 13:12:157 INFO       HomePage :41 - This will click on Search Cars Link [[ChromeDriver: chrome on WINDOWS (6f2d66eb20b69e849044614889e66566)] -> xpath: //header/div[@id='u_H']/div[1]/div[1]/ul[1]/li[1]/div[1]/div[1]/div[1]/ul[1]/li[2]/a[1]]
2020-12-27 13:12:36 INFO       NewAndUsedCarSearchPage :20 - Verifies that user is on Used car Search Page [[ChromeDriver: chrome on WINDOWS (6f2d66eb20b69e849044614889e66566)] -> xpath: //h1[contains(text(),'Used Cars For Sale')]]
2020-12-27 14:12:371 INFO       HomePage :26 - This will mouse hover on Buy + Sell Link [[ChromeDriver: chrome on WINDOWS (78df660eb34da408b69aa31e60d2bf0f)] -> xpath: //a[contains(text(),'buy + sell')]]
2020-12-27 14:12:881 INFO       HomePage :41 - This will click on Search Cars Link [[ChromeDriver: chrome on WINDOWS (78df660eb34da408b69aa31e60d2bf0f)] -> xpath: //header/div[@id='u_H']/div[1]/div[1]/ul[1]/li[1]/div[1]/div[1]/div[1]/ul[1]/li[2]/a[1]]
2020-12-27 14:12:26 INFO       UsedCarSearchPage :36 - Verifies that user is on Used car Search Page [[ChromeDriver: chrome on WINDOWS (78df660eb34da408b69aa31e60d2bf0f)] -> xpath: //h1[contains(text(),'Used Cars For Sale')]]
2020-12-27 14:12:285 INFO       UsedCarSearchPage :45 - Clicks on Any Make Field [[ChromeDriver: chrome on WINDOWS (78df660eb34da408b69aa31e60d2bf0f)] -> xpath: //select[@id='makes']]
2020-12-27 14:12:619 INFO       UsedCarSearchPage :52 - This method selects Model [[ChromeDriver: chrome on WINDOWS (78df660eb34da408b69aa31e60d2bf0f)] -> xpath: //select[@id='models']]
2020-12-27 14:12:769 INFO       UsedCarSearchPage :59 - This method selects Location [[ChromeDriver: chrome on WINDOWS (78df660eb34da408b69aa31e60d2bf0f)] -> xpath: //select[@id='locations']]
2020-12-27 14:12:906 INFO       UsedCarSearchPage :66 - This method selects price [[ChromeDriver: chrome on WINDOWS (78df660eb34da408b69aa31e60d2bf0f)] -> xpath: //select[@id='priceTo']]
2020-12-27 14:12:53 INFO       UsedCarSearchPage :73 - This clicks on Find My Next Car Button [[ChromeDriver: chrome on WINDOWS (78df660eb34da408b69aa31e60d2bf0f)] -> xpath: //input[@id='search-submit']]
2020-12-27 14:12:417 INFO       HomePage :26 - This will mouse hover on Buy + Sell Link [[ChromeDriver: chrome on WINDOWS (d4e1348f9ac9f1c34291e005526cda19)] -> xpath: //a[contains(text(),'buy + sell')]]
2020-12-27 14:12:466 INFO       HomePage :41 - This will click on Search Cars Link [[ChromeDriver: chrome on WINDOWS (d4e1348f9ac9f1c34291e005526cda19)] -> xpath: //header/div[@id='u_H']/div[1]/div[1]/ul[1]/li[1]/div[1]/div[1]/div[1]/ul[1]/li[2]/a[1]]
2020-12-27 14:12:585 INFO       UsedCarSearchPage :36 - Verifies that user is on Used car Search Page [[ChromeDriver: chrome on WINDOWS (d4e1348f9ac9f1c34291e005526cda19)] -> xpath: //h1[contains(text(),'Used Cars For Sale')]]
2020-12-27 14:12:640 INFO       UsedCarSearchPage :45 - Clicks on Any Make Field [[ChromeDriver: chrome on WINDOWS (d4e1348f9ac9f1c34291e005526cda19)] -> xpath: //select[@id='makes']]
2020-12-27 14:12:989 INFO       UsedCarSearchPage :52 - This method selects Model [[ChromeDriver: chrome on WINDOWS (d4e1348f9ac9f1c34291e005526cda19)] -> xpath: //select[@id='models']]
2020-12-27 14:12:230 INFO       UsedCarSearchPage :59 - This method selects Location [[ChromeDriver: chrome on WINDOWS (d4e1348f9ac9f1c34291e005526cda19)] -> xpath: //select[@id='locations']]
2020-12-27 14:12:463 INFO       UsedCarSearchPage :66 - This method selects price [[ChromeDriver: chrome on WINDOWS (d4e1348f9ac9f1c34291e005526cda19)] -> xpath: //select[@id='priceTo']]
2020-12-27 14:12:644 INFO       UsedCarSearchPage :73 - This clicks on Find My Next Car Button [[ChromeDriver: chrome on WINDOWS (d4e1348f9ac9f1c34291e005526cda19)] -> xpath: //input[@id='search-submit']]
2020-12-27 14:12:296 INFO       AudiA4Page :19 - Verify user navigate to Audi A4 Page [[ChromeDriver: chrome on WINDOWS (d4e1348f9ac9f1c34291e005526cda19)] -> xpath: //h1[contains(text(),'10 Used Audi A4s for Sale under $20,000 in SA')]]
2020-12-27 15:12:174 INFO       HomePage :26 - This will mouse hover on Buy + Sell Link [[ChromeDriver: chrome on WINDOWS (7a37f5ecb16c62ed9f92a47573edcd2b)] -> xpath: //a[contains(text(),'buy + sell')]]
2020-12-27 15:12:101 INFO       HomePage :41 - This will click on Search Cars Link [[ChromeDriver: chrome on WINDOWS (7a37f5ecb16c62ed9f92a47573edcd2b)] -> xpath: //header/div[@id='u_H']/div[1]/div[1]/ul[1]/li[1]/div[1]/div[1]/div[1]/ul[1]/li[2]/a[1]]
2020-12-27 15:12:494 INFO       HomePage :26 - This will mouse hover on Buy + Sell Link [[ChromeDriver: chrome on WINDOWS (ad49ef25d23bef93227711a5d0fb9d80)] -> xpath: //a[contains(text(),'buy + sell')]]
2020-12-27 15:12:148 INFO       HomePage :34 - This will click on Search Cars Link [[ChromeDriver: chrome on WINDOWS (ad49ef25d23bef93227711a5d0fb9d80)] -> xpath: //a[contains(text(),'Search Cars')]]
2020-12-27 15:12:467 INFO       NewAndUsedCarSearchPage :36 - Verifies that user is on New & Used car Search Page [[ChromeDriver: chrome on WINDOWS (ad49ef25d23bef93227711a5d0fb9d80)] -> xpath: //h1[contains(text(),'New & Used Car Search - carsguide')]]
2020-12-27 15:12:619 INFO       NewAndUsedCarSearchPage :44 - Clicks on Any Make Field [[ChromeDriver: chrome on WINDOWS (ad49ef25d23bef93227711a5d0fb9d80)] -> xpath: //select[@id='makes']]
2020-12-27 15:12:960 INFO       NewAndUsedCarSearchPage :51 - This method selects Model [[ChromeDriver: chrome on WINDOWS (ad49ef25d23bef93227711a5d0fb9d80)] -> xpath: //select[@id='models']]
2020-12-27 15:12:119 INFO       NewAndUsedCarSearchPage :58 - This method selects Location [[ChromeDriver: chrome on WINDOWS (ad49ef25d23bef93227711a5d0fb9d80)] -> xpath: //select[@id='locations']]
2020-12-27 15:12:285 INFO       NewAndUsedCarSearchPage :65 - This method selects price [[ChromeDriver: chrome on WINDOWS (ad49ef25d23bef93227711a5d0fb9d80)] -> xpath: //select[@id='priceTo']]
2020-12-27 15:12:440 INFO       NewAndUsedCarSearchPage :72 - This clicks on Find My Next Car Button [[ChromeDriver: chrome on WINDOWS (ad49ef25d23bef93227711a5d0fb9d80)] -> xpath: //input[@id='search-submit']]
2020-12-27 15:12:770 INFO       NewAndUsedCarSearchPage :19 - Verify user can navigate to BMW Series 1 page [[ChromeDriver: chrome on WINDOWS (ad49ef25d23bef93227711a5d0fb9d80)] -> xpath: //h1[contains(text(),'21 BMW 1 Series for Sale under $30,000 in Sydney, NSW')]]
2020-12-27 15:12:930 INFO       NewAndUsedCarSearchPage :27 - Bmw 1 Series Under 30000 for Sale Sydney NSW | carsguide
2020-12-27 15:12:381 INFO       HomePage :26 - This will mouse hover on Buy + Sell Link [[ChromeDriver: chrome on WINDOWS (9d50239c19e113b6777aa7567c353c56)] -> xpath: //a[contains(text(),'buy + sell')]]
2020-12-27 15:12:127 INFO       HomePage :34 - This will click on Search Cars Link [[ChromeDriver: chrome on WINDOWS (9d50239c19e113b6777aa7567c353c56)] -> xpath: //a[contains(text(),'Search Cars')]]
2020-12-27 15:12:472 INFO       NewAndUsedCarSearchPage :36 - Verifies that user is on New & Used car Search Page [[ChromeDriver: chrome on WINDOWS (9d50239c19e113b6777aa7567c353c56)] -> xpath: //h1[contains(text(),'New & Used Car Search - carsguide')]]
2020-12-27 15:12:618 INFO       NewAndUsedCarSearchPage :44 - Clicks on Any Make Field [[ChromeDriver: chrome on WINDOWS (9d50239c19e113b6777aa7567c353c56)] -> xpath: //select[@id='makes']]
2020-12-27 15:12:457 INFO       NewAndUsedCarSearchPage :51 - This method selects Model [[ChromeDriver: chrome on WINDOWS (9d50239c19e113b6777aa7567c353c56)] -> xpath: //select[@id='models']]
2020-12-27 15:12:812 INFO       NewAndUsedCarSearchPage :58 - This method selects Location [[ChromeDriver: chrome on WINDOWS (9d50239c19e113b6777aa7567c353c56)] -> xpath: //select[@id='locations']]
2020-12-27 15:12:10 INFO       NewAndUsedCarSearchPage :65 - This method selects price [[ChromeDriver: chrome on WINDOWS (9d50239c19e113b6777aa7567c353c56)] -> xpath: //select[@id='priceTo']]
2020-12-27 15:12:187 INFO       NewAndUsedCarSearchPage :72 - This clicks on Find My Next Car Button [[ChromeDriver: chrome on WINDOWS (9d50239c19e113b6777aa7567c353c56)] -> xpath: //input[@id='search-submit']]
2020-12-27 15:12:230 INFO       NewAndUsedCarSearchPage :19 - Verify user can navigate to BMW Series 1 page [[ChromeDriver: chrome on WINDOWS (9d50239c19e113b6777aa7567c353c56)] -> xpath: //h1[contains(text(),'21 BMW 1 Series for Sale under $30,000 in Sydney, NSW')]]
2020-12-27 15:12:259 INFO       NewAndUsedCarSearchPage :27 - Bmw 1 Series Under 30000 for Sale Sydney NSW | carsguide
2020-12-27 15:12:416 INFO       HomePage :26 - This will mouse hover on Buy + Sell Link [[ChromeDriver: chrome on WINDOWS (0557ab895cae7af18171dd30304a9f79)] -> xpath: //a[contains(text(),'buy + sell')]]
2020-12-27 15:12:471 INFO       HomePage :41 - This will click on Search Cars Link [[ChromeDriver: chrome on WINDOWS (0557ab895cae7af18171dd30304a9f79)] -> xpath: //header/div[@id='u_H']/div[1]/div[1]/ul[1]/li[1]/div[1]/div[1]/div[1]/ul[1]/li[2]/a[1]]
2020-12-27 15:12:432 INFO       UsedCarSearchPage :36 - Verifies that user is on Used car Search Page [[ChromeDriver: chrome on WINDOWS (0557ab895cae7af18171dd30304a9f79)] -> xpath: //h1[contains(text(),'Used Cars For Sale')]]
2020-12-27 15:12:920 INFO       UsedCarSearchPage :45 - Clicks on Any Make Field [[ChromeDriver: chrome on WINDOWS (0557ab895cae7af18171dd30304a9f79)] -> xpath: //select[@id='makes']]
2020-12-27 15:12:351 INFO       UsedCarSearchPage :52 - This method selects Model [[ChromeDriver: chrome on WINDOWS (0557ab895cae7af18171dd30304a9f79)] -> xpath: //select[@id='models']]
2020-12-27 15:12:623 INFO       UsedCarSearchPage :59 - This method selects Location [[ChromeDriver: chrome on WINDOWS (0557ab895cae7af18171dd30304a9f79)] -> xpath: //select[@id='locations']]
2020-12-27 15:12:777 INFO       UsedCarSearchPage :66 - This method selects price [[ChromeDriver: chrome on WINDOWS (0557ab895cae7af18171dd30304a9f79)] -> xpath: //select[@id='priceTo']]
2020-12-27 15:12:965 INFO       UsedCarSearchPage :73 - This clicks on Find My Next Car Button [[ChromeDriver: chrome on WINDOWS (0557ab895cae7af18171dd30304a9f79)] -> xpath: //input[@id='search-submit']]
2020-12-27 15:12:520 INFO       AudiA4Page :19 - Verify user navigate to Audi A4 Page [[ChromeDriver: chrome on WINDOWS (0557ab895cae7af18171dd30304a9f79)] -> xpath: //h1[contains(text(),'10 Used Audi A4s for Sale under $20,000 in SA')]]
2020-12-27 17:12:796 INFO       HomePage :26 - This will mouse hover on Buy + Sell Link [[ChromeDriver: chrome on WINDOWS (5f0e594d204088ed2b093a5d019aa04e)] -> xpath: //a[contains(text(),'buy + sell')]]
2020-12-27 17:12:208 INFO       HomePage :34 - This will click on Search Cars Link [[ChromeDriver: chrome on WINDOWS (5f0e594d204088ed2b093a5d019aa04e)] -> xpath: //a[contains(text(),'Search Cars')]]
2020-12-27 17:12:221 INFO       NewAndUsedCarSearchPage :36 - Verifies that user is on New & Used car Search Page [[ChromeDriver: chrome on WINDOWS (5f0e594d204088ed2b093a5d019aa04e)] -> xpath: //h1[contains(text(),'New & Used Car Search - carsguide')]]
2020-12-27 17:12:938 INFO       NewAndUsedCarSearchPage :44 - Clicks on Any Make Field [[ChromeDriver: chrome on WINDOWS (5f0e594d204088ed2b093a5d019aa04e)] -> xpath: //select[@id='makes']]
2020-12-27 17:12:188 INFO       NewAndUsedCarSearchPage :51 - This method selects Model [[ChromeDriver: chrome on WINDOWS (5f0e594d204088ed2b093a5d019aa04e)] -> xpath: //select[@id='models']]
2020-12-27 17:12:333 INFO       NewAndUsedCarSearchPage :58 - This method selects Location [[ChromeDriver: chrome on WINDOWS (5f0e594d204088ed2b093a5d019aa04e)] -> xpath: //select[@id='locations']]
2020-12-27 17:12:477 INFO       NewAndUsedCarSearchPage :65 - This method selects price [[ChromeDriver: chrome on WINDOWS (5f0e594d204088ed2b093a5d019aa04e)] -> xpath: //select[@id='priceTo']]
2020-12-27 17:12:605 INFO       NewAndUsedCarSearchPage :72 - This clicks on Find My Next Car Button [[ChromeDriver: chrome on WINDOWS (5f0e594d204088ed2b093a5d019aa04e)] -> xpath: //input[@id='search-submit']]
2020-12-27 17:12:713 INFO       NewAndUsedCarSearchPage :19 - Verify user can navigate to BMW Series 1 page [[ChromeDriver: chrome on WINDOWS (5f0e594d204088ed2b093a5d019aa04e)] -> xpath: //h1[contains(text(),'21 BMW 1 Series for Sale under $30,000 in Sydney, NSW')]]
2020-12-27 17:12:763 INFO       NewAndUsedCarSearchPage :27 - Bmw 1 Series Under 30000 for Sale Sydney NSW | carsguide
2020-12-27 17:12:649 INFO       HomePage :26 - This will mouse hover on Buy + Sell Link [[ChromeDriver: chrome on WINDOWS (7546f80bb3f4f6754c00a572f7304a41)] -> xpath: //a[contains(text(),'buy + sell')]]
2020-12-27 17:12:270 INFO       HomePage :41 - This will click on Search Cars Link [[ChromeDriver: chrome on WINDOWS (7546f80bb3f4f6754c00a572f7304a41)] -> xpath: //header/div[@id='u_H']/div[1]/div[1]/ul[1]/li[1]/div[1]/div[1]/div[1]/ul[1]/li[2]/a[1]]
2020-12-27 17:12:163 INFO       UsedCarSearchPage :36 - Verifies that user is on Used car Search Page [[ChromeDriver: chrome on WINDOWS (7546f80bb3f4f6754c00a572f7304a41)] -> xpath: //h1[contains(text(),'Used Cars For Sale')]]
2020-12-27 17:12:506 INFO       UsedCarSearchPage :45 - Clicks on Any Make Field [[ChromeDriver: chrome on WINDOWS (7546f80bb3f4f6754c00a572f7304a41)] -> xpath: //select[@id='makes']]
2020-12-27 17:12:657 INFO       UsedCarSearchPage :52 - This method selects Model [[ChromeDriver: chrome on WINDOWS (7546f80bb3f4f6754c00a572f7304a41)] -> xpath: //select[@id='models']]
2020-12-27 17:12:27 INFO       UsedCarSearchPage :59 - This method selects Location [[ChromeDriver: chrome on WINDOWS (7546f80bb3f4f6754c00a572f7304a41)] -> xpath: //select[@id='locations']]
2020-12-27 17:12:178 INFO       UsedCarSearchPage :66 - This method selects price [[ChromeDriver: chrome on WINDOWS (7546f80bb3f4f6754c00a572f7304a41)] -> xpath: //select[@id='priceTo']]
2020-12-27 17:12:309 INFO       UsedCarSearchPage :73 - This clicks on Find My Next Car Button [[ChromeDriver: chrome on WINDOWS (7546f80bb3f4f6754c00a572f7304a41)] -> xpath: //input[@id='search-submit']]
2020-12-27 17:12:535 INFO       AudiA4Page :19 - Verify user navigate to Audi A4 Page [[ChromeDriver: chrome on WINDOWS (7546f80bb3f4f6754c00a572f7304a41)] -> xpath: //h1[contains(text(),'10 Used Audi A4s for Sale under $20,000 in SA')]]
